[debug] [2026-03-06T06:40:27.636Z] ----------------------------------------------------------------------
[debug] [2026-03-06T06:40:27.643Z] Command:       C:\Program Files\nodejs\node.exe C:\Users\Arab Line\AppData\Roaming\npm\node_modules\firebase-tools\lib\bin\firebase.js emulators:start --only dataconnect
[debug] [2026-03-06T06:40:27.644Z] CLI Version:   15.8.0
[debug] [2026-03-06T06:40:27.644Z] Platform:      win32
[debug] [2026-03-06T06:40:27.645Z] Node Version:  v22.14.0
[debug] [2026-03-06T06:40:27.646Z] Time:          Fri Mar 06 2026 11:40:27 GMT+0500 (Pakistan Standard Time)
[debug] [2026-03-06T06:40:27.646Z] ----------------------------------------------------------------------
[debug] 
[debug] [2026-03-06T06:40:30.349Z] > command requires scopes: ["email","openid","https://www.googleapis.com/auth/cloudplatformprojects.readonly","https://www.googleapis.com/auth/firebase","https://www.googleapis.com/auth/cloud-platform"]
[debug] [2026-03-06T06:40:30.350Z] > authorizing via signed-in user (uk3408082@gmail.com)
[info] i  emulators: Starting emulators: dataconnect {"metadata":{"emulator":{"name":"hub"},"message":"Starting emulators: dataconnect"}}
[debug] [2026-03-06T06:40:30.378Z] [logging] Logging Emulator only supports listening on one address (127.0.0.1). Not listening on ::1
[debug] [2026-03-06T06:40:30.378Z] [dataconnect.postgres] postgres server for dataconnect only supports listening on one address (127.0.0.1). Not listening on ::1
[debug] [2026-03-06T06:40:30.379Z] assigned listening specs for emulators {"user":{"hub":[{"address":"127.0.0.1","family":"IPv4","port":4400},{"address":"::1","family":"IPv6","port":4400}],"logging":[{"address":"127.0.0.1","family":"IPv4","port":4500}],"dataconnect":[{"address":"127.0.0.1","family":"IPv4","port":9399},{"address":"::1","family":"IPv6","port":9399}],"dataconnect.postgres":[{"address":"127.0.0.1","family":"IPv4","port":5432}]},"metadata":{"message":"assigned listening specs for emulators"}}
[debug] [2026-03-06T06:40:30.384Z] Write emulator hub locator at C:\Users\ARABLI~1\AppData\Local\Temp\hub-erp-system-baacb.json
[debug] [2026-03-06T06:40:30.410Z] defaultcredentials: writing to file C:\Users\Arab Line\AppData\Roaming\firebase\uk3408082_gmail_com_application_default_credentials.json
[debug] [2026-03-06T06:40:30.570Z] I0306 11:40:30.530875    6120 control.go:100] [projects/emulator/locations/emulator/services/erp-system-service 9b4d] UpdateResources(): done
Main schema: sources: schema\schema.gql [5263B] 
Connector "inventory": sources: inventory\inventory_queries.gql [2859B] inventory\model_mutations.gql [1059B] inventory\model_queries.gql [543B] inventory\brand_mutations.gql [761B] inventory\brand_queries.gql [457B] inventory\inventory_mutations.gql [7833B] 
Connector "employees": sources: example\employees.gql [595B] example\employees_mutations.gql [1954B] 
Connector "banking": sources: banking\bank_mutations.gql [969B] banking\bank_queries.gql [434B] banking\cash_mutations.gql [641B] banking\cash_queries.gql [555B] banking\transfer_mutations.gql [662B] banking\transfer_queries.gql [571B] 
Connector "loans": sources: loans\loan_mutations.gql [1195B] loans\loan_queries.gql [1265B] loans\schema.gql [0B] 
Connector "budgets": sources: budgets\budget_mutations.gql [1235B] budgets\budget_queries.gql [517B] 
 {"metadata":{"emulator":{"name":"dataconnect"},"message":"I0306 11:40:30.530875    6120 control.go:100] [projects/emulator/locations/emulator/services/erp-system-service 9b4d] UpdateResources(): done\nMain schema: sources: schema\\schema.gql [5263B] \nConnector \"inventory\": sources: inventory\\inventory_queries.gql [2859B] inventory\\model_mutations.gql [1059B] inventory\\model_queries.gql [543B] inventory\\brand_mutations.gql [761B] inventory\\brand_queries.gql [457B] inventory\\inventory_mutations.gql [7833B] \nConnector \"employees\": sources: example\\employees.gql [595B] example\\employees_mutations.gql [1954B] \nConnector \"banking\": sources: banking\\bank_mutations.gql [969B] banking\\bank_queries.gql [434B] banking\\cash_mutations.gql [641B] banking\\cash_queries.gql [555B] banking\\transfer_mutations.gql [662B] banking\\transfer_queries.gql [571B] \nConnector \"loans\": sources: loans\\loan_mutations.gql [1195B] loans\\loan_queries.gql [1265B] loans\\schema.gql [0B] \nConnector \"budgets\": sources: budgets\\budget_mutations.gql [1235B] budgets\\budget_queries.gql [517B] \n"}}
[debug] [2026-03-06T06:40:30.571Z] defaultcredentials: writing to file C:\Users\Arab Line\AppData\Roaming\firebase\uk3408082_gmail_com_application_default_credentials.json
[debug] [2026-03-06T06:40:30.573Z] Ignoring unsupported arg: auto_download {"metadata":{"emulator":{"name":"dataconnect"},"message":"Ignoring unsupported arg: auto_download"}}
[debug] [2026-03-06T06:40:30.573Z] Ignoring unsupported arg: port {"metadata":{"emulator":{"name":"dataconnect"},"message":"Ignoring unsupported arg: port"}}
[debug] [2026-03-06T06:40:30.573Z] Starting Data Connect Emulator with command {"binary":"C:\\Users\\Arab Line\\.cache\\firebase\\emulators\\dataconnect-emulator-3.2.0.exe","args":["--logtostderr","-v=2","dev","--listen=127.0.0.1:9399,[::1]:9399","--config_dir=C:\\Users\\Arab Line\\Desktop\\Pak-Det\\Current\\CashFlow_System\\dataconnect","--enable_output_schema_extensions=true","--enable_output_generated_sdk=true"],"optionalArgs":["listen","config_dir","enable_output_schema_extensions","enable_output_generated_sdk"],"joinArgs":true,"shell":false,"port":9399} {"metadata":{"emulator":{"name":"dataconnect"},"message":"Starting Data Connect Emulator with command {\"binary\":\"C:\\\\Users\\\\Arab Line\\\\.cache\\\\firebase\\\\emulators\\\\dataconnect-emulator-3.2.0.exe\",\"args\":[\"--logtostderr\",\"-v=2\",\"dev\",\"--listen=127.0.0.1:9399,[::1]:9399\",\"--config_dir=C:\\\\Users\\\\Arab Line\\\\Desktop\\\\Pak-Det\\\\Current\\\\CashFlow_System\\\\dataconnect\",\"--enable_output_schema_extensions=true\",\"--enable_output_generated_sdk=true\"],\"optionalArgs\":[\"listen\",\"config_dir\",\"enable_output_schema_extensions\",\"enable_output_generated_sdk\"],\"joinArgs\":true,\"shell\":false,\"port\":9399}"}}
[info] i  dataconnect: Data Connect Emulator logging to dataconnect-debug.log {"metadata":{"emulator":{"name":"dataconnect"},"message":"Data Connect Emulator logging to \u001b[1mdataconnect-debug.log\u001b[22m"}}
[info] i  dataconnect: Started up Postgres server, listening on {"address":"127.0.0.1","family":"IPv4","port":5432} {"metadata":{"emulator":{"name":"dataconnect"},"message":"Started up Postgres server, listening on {\"address\":\"127.0.0.1\",\"family\":\"IPv4\",\"port\":5432}"}}
[debug] [2026-03-06T06:40:30.662Z] [Data Connect] Connecting to postgres://127.0.0.1:5432/erp-system-database?sslmode=disable}...
[debug] [2026-03-06T06:40:30.665Z] >>> [apiv2][query] POST http://127.0.0.1:9399/emulator/configure [none]
[debug] [2026-03-06T06:40:30.666Z] >>> [apiv2][body] POST http://127.0.0.1:9399/emulator/configure {"connectionString":"postgres://127.0.0.1:5432/erp-system-database?sslmode=disable","database":"erp-system-database","serviceId":"erp-system-service"}
[debug] [2026-03-06T06:40:30.676Z] I0306 11:40:30.650602    5948 load.go:31] Reloading schema and connectors...
 {"metadata":{"emulator":{"name":"dataconnect"},"message":"I0306 11:40:30.650602    5948 load.go:31] Reloading schema and connectors...\n"}}
[debug] [2026-03-06T06:40:30.678Z] *** [apiv2] error from fetch(http://127.0.0.1:9399/emulator/configure, {"headers":{},"method":"POST","body":"{\"connectionString\":\"postgres://127.0.0.1:5432/erp-system-database?sslmode=disable\",\"database\":\"erp-system-database\",\"serviceId\":\"erp-system-service\"}"}): FetchError: request to http://127.0.0.1:9399/emulator/configure failed, reason: connect ECONNREFUSED 127.0.0.1:9399
[debug] [2026-03-06T06:40:30.679Z] [Data Connect] Retrying connectToPostgress call (1 of 3 attempts): FirebaseError: Data Connect emulator: undefined
[debug] [2026-03-06T06:40:30.715Z] I0306 11:40:30.714881    5948 control.go:100] [projects/emulator/locations/emulator/services/erp-system-service 71b0] UpdateResources(): done
Main schema: sources: schema\schema.gql [5263B] 
Connector "loans": sources: loans\loan_mutations.gql [1195B] loans\loan_queries.gql [1265B] loans\schema.gql [0B] 
Connector "budgets": sources: budgets\budget_mutations.gql [1235B] budgets\budget_queries.gql [517B] 
Connector "inventory": sources: inventory\model_mutations.gql [1059B] inventory\model_queries.gql [543B] inventory\brand_mutations.gql [761B] inventory\brand_queries.gql [457B] inventory\inventory_mutations.gql [7833B] inventory\inventory_queries.gql [2859B] 
Connector "employees": sources: example\employees.gql [595B] example\employees_mutations.gql [1954B] 
Connector "banking": sources: banking\cash_mutations.gql [641B] banking\cash_queries.gql [555B] banking\transfer_mutations.gql [662B] banking\transfer_queries.gql [571B] banking\bank_mutations.gql [969B] banking\bank_queries.gql [434B] 
 {"metadata":{"emulator":{"name":"dataconnect"},"message":"I0306 11:40:30.714881    5948 control.go:100] [projects/emulator/locations/emulator/services/erp-system-service 71b0] UpdateResources(): done\nMain schema: sources: schema\\schema.gql [5263B] \nConnector \"loans\": sources: loans\\loan_mutations.gql [1195B] loans\\loan_queries.gql [1265B] loans\\schema.gql [0B] \nConnector \"budgets\": sources: budgets\\budget_mutations.gql [1235B] budgets\\budget_queries.gql [517B] \nConnector \"inventory\": sources: inventory\\model_mutations.gql [1059B] inventory\\model_queries.gql [543B] inventory\\brand_mutations.gql [761B] inventory\\brand_queries.gql [457B] inventory\\inventory_mutations.gql [7833B] inventory\\inventory_queries.gql [2859B] \nConnector \"employees\": sources: example\\employees.gql [595B] example\\employees_mutations.gql [1954B] \nConnector \"banking\": sources: banking\\cash_mutations.gql [641B] banking\\cash_queries.gql [555B] banking\\transfer_mutations.gql [662B] banking\\transfer_queries.gql [571B] banking\\bank_mutations.gql [969B] banking\\bank_queries.gql [434B] \n"}}
[debug] [2026-03-06T06:40:30.782Z] I0306 11:40:30.782311    5948 codegen.go:80] [connector "employees" javascriptSdk] Generating sources into "C:\\Users\\Arab Line\\Desktop\\Pak-Det\\Current\\CashFlow_System\\src\\dataconnect-generated"
 {"metadata":{"emulator":{"name":"dataconnect"},"message":"I0306 11:40:30.782311    5948 codegen.go:80] [connector \"employees\" javascriptSdk] Generating sources into \"C:\\\\Users\\\\Arab Line\\\\Desktop\\\\Pak-Det\\\\Current\\\\CashFlow_System\\\\src\\\\dataconnect-generated\"\n"}}
[debug] [2026-03-06T06:40:30.799Z] I0306 11:40:30.798959    5948 codegen.go:80] [connector "banking" javascriptSdk] Generating sources into "C:\\Users\\Arab Line\\Desktop\\Pak-Det\\Current\\CashFlow_System\\src\\dataconnect-generated\\banking"
 {"metadata":{"emulator":{"name":"dataconnect"},"message":"I0306 11:40:30.798959    5948 codegen.go:80] [connector \"banking\" javascriptSdk] Generating sources into \"C:\\\\Users\\\\Arab Line\\\\Desktop\\\\Pak-Det\\\\Current\\\\CashFlow_System\\\\src\\\\dataconnect-generated\\\\banking\"\n"}}
[debug] [2026-03-06T06:40:30.818Z] I0306 11:40:30.817650    5948 codegen.go:80] [connector "loans" javascriptSdk] Generating sources into "C:\\Users\\Arab Line\\Desktop\\Pak-Det\\Current\\CashFlow_System\\src\\dataconnect-generated\\loans"
 {"metadata":{"emulator":{"name":"dataconnect"},"message":"I0306 11:40:30.817650    5948 codegen.go:80] [connector \"loans\" javascriptSdk] Generating sources into \"C:\\\\Users\\\\Arab Line\\\\Desktop\\\\Pak-Det\\\\Current\\\\CashFlow_System\\\\src\\\\dataconnect-generated\\\\loans\"\n"}}
[debug] [2026-03-06T06:40:30.834Z] I0306 11:40:30.833838    5948 codegen.go:80] [connector "budgets" javascriptSdk] Generating sources into "C:\\Users\\Arab Line\\Desktop\\Pak-Det\\Current\\CashFlow_System\\src\\dataconnect-generated\\budgets"
 {"metadata":{"emulator":{"name":"dataconnect"},"message":"I0306 11:40:30.833838    5948 codegen.go:80] [connector \"budgets\" javascriptSdk] Generating sources into \"C:\\\\Users\\\\Arab Line\\\\Desktop\\\\Pak-Det\\\\Current\\\\CashFlow_System\\\\src\\\\dataconnect-generated\\\\budgets\"\n"}}
[debug] [2026-03-06T06:40:30.854Z] I0306 11:40:30.853032    5948 codegen.go:80] [connector "inventory" javascriptSdk] Generating sources into "C:\\Users\\Arab Line\\Desktop\\Pak-Det\\Current\\CashFlow_System\\src\\dataconnect-generated\\inventory"
 {"metadata":{"emulator":{"name":"dataconnect"},"message":"I0306 11:40:30.853032    5948 codegen.go:80] [connector \"inventory\" javascriptSdk] Generating sources into \"C:\\\\Users\\\\Arab Line\\\\Desktop\\\\Pak-Det\\\\Current\\\\CashFlow_System\\\\src\\\\dataconnect-generated\\\\inventory\"\n"}}
[debug] [2026-03-06T06:40:30.888Z] I0306 11:40:30.887870    5948 collector.go:107] schema extensions wrote into "C:\\Users\\Arab Line\\Desktop\\Pak-Det\\Current\\CashFlow_System\\dataconnect\\.dataconnect\\schema"
Generated sources: main\relation.gql [91798B] main\query.gql [15277B] main\mutation.gql [40350B] prelude.gql [80730B] main\input.gql [176184B] 
 {"metadata":{"emulator":{"name":"dataconnect"},"message":"I0306 11:40:30.887870    5948 collector.go:107] schema extensions wrote into \"C:\\\\Users\\\\Arab Line\\\\Desktop\\\\Pak-Det\\\\Current\\\\CashFlow_System\\\\dataconnect\\\\.dataconnect\\\\schema\"\nGenerated sources: main\\relation.gql [91798B] main\\query.gql [15277B] main\\mutation.gql [40350B] prelude.gql [80730B] main\\input.gql [176184B] \n"}}
[debug] [2026-03-06T06:40:30.901Z] I0306 11:40:30.900863    5948 collector.go:107] connector "employees" javascriptSdk wrote into "C:\\Users\\Arab Line\\Desktop\\Pak-Det\\Current\\CashFlow_System\\src\\dataconnect-generated"
Generated sources: README.md [31179B] react\package.json [463B] react\index.cjs.js [2176B] esm\package.json [17B] index.cjs.js [2615B] react\esm\index.esm.js [2063B] esm\index.esm.js [2280B] react\esm\package.json [17B] .guides/setup.md [1683B] index.d.ts [6621B] react\index.d.ts [2782B] react\README.md [36848B] .guides/usage.md [2801B] .guides/config.json [236B] package.json [866B] 
 {"metadata":{"emulator":{"name":"dataconnect"},"message":"I0306 11:40:30.900863    5948 collector.go:107] connector \"employees\" javascriptSdk wrote into \"C:\\\\Users\\\\Arab Line\\\\Desktop\\\\Pak-Det\\\\Current\\\\CashFlow_System\\\\src\\\\dataconnect-generated\"\nGenerated sources: README.md [31179B] react\\package.json [463B] react\\index.cjs.js [2176B] esm\\package.json [17B] index.cjs.js [2615B] react\\esm\\index.esm.js [2063B] esm\\index.esm.js [2280B] react\\esm\\package.json [17B] .guides/setup.md [1683B] index.d.ts [6621B] react\\index.d.ts [2782B] react\\README.md [36848B] .guides/usage.md [2801B] .guides/config.json [236B] package.json [866B] \n"}}
[debug] [2026-03-06T06:40:30.903Z] I0306 11:40:30.902861    5948 collector.go:114] connector "employees" javascriptSdk deleted obsolete file "C:\\Users\\Arab Line\\Desktop\\Pak-Det\\Current\\CashFlow_System\\src\\dataconnect-generated\\banking\\README.md"
 {"metadata":{"emulator":{"name":"dataconnect"},"message":"I0306 11:40:30.902861    5948 collector.go:114] connector \"employees\" javascriptSdk deleted obsolete file \"C:\\\\Users\\\\Arab Line\\\\Desktop\\\\Pak-Det\\\\Current\\\\CashFlow_System\\\\src\\\\dataconnect-generated\\\\banking\\\\README.md\"\n"}}
[debug] [2026-03-06T06:40:30.903Z] I0306 11:40:30.902861    5948 collector.go:114] connector "employees" javascriptSdk deleted obsolete file "C:\\Users\\Arab Line\\Desktop\\Pak-Det\\Current\\CashFlow_System\\src\\dataconnect-generated\\banking\\esm\\index.esm.js"
 {"metadata":{"emulator":{"name":"dataconnect"},"message":"I0306 11:40:30.902861    5948 collector.go:114] connector \"employees\" javascriptSdk deleted obsolete file \"C:\\\\Users\\\\Arab Line\\\\Desktop\\\\Pak-Det\\\\Current\\\\CashFlow_System\\\\src\\\\dataconnect-generated\\\\banking\\\\esm\\\\index.esm.js\"\n"}}
[debug] [2026-03-06T06:40:30.904Z] I0306 11:40:30.903861    5948 collector.go:114] connector "employees" javascriptSdk deleted obsolete file "C:\\Users\\Arab Line\\Desktop\\Pak-Det\\Current\\CashFlow_System\\src\\dataconnect-generated\\banking\\esm\\package.json"
I0306 11:40:30.903861    5948 collector.go:114] connector "employees" javascriptSdk deleted obsolete file "C:\\Users\\Arab Line\\Desktop\\Pak-Det\\Current\\CashFlow_System\\src\\dataconnect-generated\\banking\\index.cjs.js"
 {"metadata":{"emulator":{"name":"dataconnect"},"message":"I0306 11:40:30.903861    5948 collector.go:114] connector \"employees\" javascriptSdk deleted obsolete file \"C:\\\\Users\\\\Arab Line\\\\Desktop\\\\Pak-Det\\\\Current\\\\CashFlow_System\\\\src\\\\dataconnect-generated\\\\banking\\\\esm\\\\package.json\"\nI0306 11:40:30.903861    5948 collector.go:114] connector \"employees\" javascriptSdk deleted obsolete file \"C:\\\\Users\\\\Arab Line\\\\Desktop\\\\Pak-Det\\\\Current\\\\CashFlow_System\\\\src\\\\dataconnect-generated\\\\banking\\\\index.cjs.js\"\n"}}
[debug] [2026-03-06T06:40:30.905Z] I0306 11:40:30.904861    5948 collector.go:114] connector "employees" javascriptSdk deleted obsolete file "C:\\Users\\Arab Line\\Desktop\\Pak-Det\\Current\\CashFlow_System\\src\\dataconnect-generated\\banking\\index.d.ts"
 {"metadata":{"emulator":{"name":"dataconnect"},"message":"I0306 11:40:30.904861    5948 collector.go:114] connector \"employees\" javascriptSdk deleted obsolete file \"C:\\\\Users\\\\Arab Line\\\\Desktop\\\\Pak-Det\\\\Current\\\\CashFlow_System\\\\src\\\\dataconnect-generated\\\\banking\\\\index.d.ts\"\n"}}
[debug] [2026-03-06T06:40:30.906Z] I0306 11:40:30.905860    5948 collector.go:114] connector "employees" javascriptSdk deleted obsolete file "C:\\Users\\Arab Line\\Desktop\\Pak-Det\\Current\\CashFlow_System\\src\\dataconnect-generated\\banking\\package.json"
 {"metadata":{"emulator":{"name":"dataconnect"},"message":"I0306 11:40:30.905860    5948 collector.go:114] connector \"employees\" javascriptSdk deleted obsolete file \"C:\\\\Users\\\\Arab Line\\\\Desktop\\\\Pak-Det\\\\Current\\\\CashFlow_System\\\\src\\\\dataconnect-generated\\\\banking\\\\package.json\"\n"}}
[debug] [2026-03-06T06:40:30.907Z] I0306 11:40:30.906859    5948 collector.go:114] connector "employees" javascriptSdk deleted obsolete file "C:\\Users\\Arab Line\\Desktop\\Pak-Det\\Current\\CashFlow_System\\src\\dataconnect-generated\\banking\\react\\README.md"
I0306 11:40:30.906859    5948 collector.go:114] connector "employees" javascriptSdk deleted obsolete file "C:\\Users\\Arab Line\\Desktop\\Pak-Det\\Current\\CashFlow_System\\src\\dataconnect-generated\\banking\\react\\esm\\index.esm.js"
 {"metadata":{"emulator":{"name":"dataconnect"},"message":"I0306 11:40:30.906859    5948 collector.go:114] connector \"employees\" javascriptSdk deleted obsolete file \"C:\\\\Users\\\\Arab Line\\\\Desktop\\\\Pak-Det\\\\Current\\\\CashFlow_System\\\\src\\\\dataconnect-generated\\\\banking\\\\react\\\\README.md\"\nI0306 11:40:30.906859    5948 collector.go:114] connector \"employees\" javascriptSdk deleted obsolete file \"C:\\\\Users\\\\Arab Line\\\\Desktop\\\\Pak-Det\\\\Current\\\\CashFlow_System\\\\src\\\\dataconnect-generated\\\\banking\\\\react\\\\esm\\\\index.esm.js\"\n"}}
[debug] [2026-03-06T06:40:30.907Z] I0306 11:40:30.906859    5948 collector.go:114] connector "employees" javascriptSdk deleted obsolete file "C:\\Users\\Arab Line\\Desktop\\Pak-Det\\Current\\CashFlow_System\\src\\dataconnect-generated\\banking\\react\\esm\\package.json"
 {"metadata":{"emulator":{"name":"dataconnect"},"message":"I0306 11:40:30.906859    5948 collector.go:114] connector \"employees\" javascriptSdk deleted obsolete file \"C:\\\\Users\\\\Arab Line\\\\Desktop\\\\Pak-Det\\\\Current\\\\CashFlow_System\\\\src\\\\dataconnect-generated\\\\banking\\\\react\\\\esm\\\\package.json\"\n"}}
[debug] [2026-03-06T06:40:30.908Z] I0306 11:40:30.907858    5948 collector.go:114] connector "employees" javascriptSdk deleted obsolete file "C:\\Users\\Arab Line\\Desktop\\Pak-Det\\Current\\CashFlow_System\\src\\dataconnect-generated\\banking\\react\\index.cjs.js"
 {"metadata":{"emulator":{"name":"dataconnect"},"message":"I0306 11:40:30.907858    5948 collector.go:114] connector \"employees\" javascriptSdk deleted obsolete file \"C:\\\\Users\\\\Arab Line\\\\Desktop\\\\Pak-Det\\\\Current\\\\CashFlow_System\\\\src\\\\dataconnect-generated\\\\banking\\\\react\\\\index.cjs.js\"\n"}}
[debug] [2026-03-06T06:40:30.908Z] I0306 11:40:30.907858    5948 collector.go:114] connector "employees" javascriptSdk deleted obsolete file "C:\\Users\\Arab Line\\Desktop\\Pak-Det\\Current\\CashFlow_System\\src\\dataconnect-generated\\banking\\react\\index.d.ts"
I0306 11:40:30.907858    5948 collector.go:114] connector "employees" javascriptSdk deleted obsolete file "C:\\Users\\Arab Line\\Desktop\\Pak-Det\\Current\\CashFlow_System\\src\\dataconnect-generated\\banking\\react\\package.json"
 {"metadata":{"emulator":{"name":"dataconnect"},"message":"I0306 11:40:30.907858    5948 collector.go:114] connector \"employees\" javascriptSdk deleted obsolete file \"C:\\\\Users\\\\Arab Line\\\\Desktop\\\\Pak-Det\\\\Current\\\\CashFlow_System\\\\src\\\\dataconnect-generated\\\\banking\\\\react\\\\index.d.ts\"\nI0306 11:40:30.907858    5948 collector.go:114] connector \"employees\" javascriptSdk deleted obsolete file \"C:\\\\Users\\\\Arab Line\\\\Desktop\\\\Pak-Det\\\\Current\\\\CashFlow_System\\\\src\\\\dataconnect-generated\\\\banking\\\\react\\\\package.json\"\n"}}
[debug] [2026-03-06T06:40:30.909Z] I0306 11:40:30.908858    5948 collector.go:114] connector "employees" javascriptSdk deleted obsolete file "C:\\Users\\Arab Line\\Desktop\\Pak-Det\\Current\\CashFlow_System\\src\\dataconnect-generated\\budgets\\README.md"
 {"metadata":{"emulator":{"name":"dataconnect"},"message":"I0306 11:40:30.908858    5948 collector.go:114] connector \"employees\" javascriptSdk deleted obsolete file \"C:\\\\Users\\\\Arab Line\\\\Desktop\\\\Pak-Det\\\\Current\\\\CashFlow_System\\\\src\\\\dataconnect-generated\\\\budgets\\\\README.md\"\n"}}
[debug] [2026-03-06T06:40:30.909Z] I0306 11:40:30.908858    5948 collector.go:114] connector "employees" javascriptSdk deleted obsolete file "C:\\Users\\Arab Line\\Desktop\\Pak-Det\\Current\\CashFlow_System\\src\\dataconnect-generated\\budgets\\esm\\index.esm.js"
 {"metadata":{"emulator":{"name":"dataconnect"},"message":"I0306 11:40:30.908858    5948 collector.go:114] connector \"employees\" javascriptSdk deleted obsolete file \"C:\\\\Users\\\\Arab Line\\\\Desktop\\\\Pak-Det\\\\Current\\\\CashFlow_System\\\\src\\\\dataconnect-generated\\\\budgets\\\\esm\\\\index.esm.js\"\n"}}
[debug] [2026-03-06T06:40:30.909Z] I0306 11:40:30.908858    5948 collector.go:114] connector "employees" javascriptSdk deleted obsolete file "C:\\Users\\Arab Line\\Desktop\\Pak-Det\\Current\\CashFlow_System\\src\\dataconnect-generated\\budgets\\esm\\package.json"
 {"metadata":{"emulator":{"name":"dataconnect"},"message":"I0306 11:40:30.908858    5948 collector.go:114] connector \"employees\" javascriptSdk deleted obsolete file \"C:\\\\Users\\\\Arab Line\\\\Desktop\\\\Pak-Det\\\\Current\\\\CashFlow_System\\\\src\\\\dataconnect-generated\\\\budgets\\\\esm\\\\package.json\"\n"}}
[debug] [2026-03-06T06:40:30.910Z] I0306 11:40:30.909857    5948 collector.go:114] connector "employees" javascriptSdk deleted obsolete file "C:\\Users\\Arab Line\\Desktop\\Pak-Det\\Current\\CashFlow_System\\src\\dataconnect-generated\\budgets\\index.cjs.js"
 {"metadata":{"emulator":{"name":"dataconnect"},"message":"I0306 11:40:30.909857    5948 collector.go:114] connector \"employees\" javascriptSdk deleted obsolete file \"C:\\\\Users\\\\Arab Line\\\\Desktop\\\\Pak-Det\\\\Current\\\\CashFlow_System\\\\src\\\\dataconnect-generated\\\\budgets\\\\index.cjs.js\"\n"}}
[debug] [2026-03-06T06:40:30.911Z] I0306 11:40:30.909857    5948 collector.go:114] connector "employees" javascriptSdk deleted obsolete file "C:\\Users\\Arab Line\\Desktop\\Pak-Det\\Current\\CashFlow_System\\src\\dataconnect-generated\\budgets\\index.d.ts"
 {"metadata":{"emulator":{"name":"dataconnect"},"message":"I0306 11:40:30.909857    5948 collector.go:114] connector \"employees\" javascriptSdk deleted obsolete file \"C:\\\\Users\\\\Arab Line\\\\Desktop\\\\Pak-Det\\\\Current\\\\CashFlow_System\\\\src\\\\dataconnect-generated\\\\budgets\\\\index.d.ts\"\n"}}
[debug] [2026-03-06T06:40:30.934Z] I0306 11:40:30.934011    5948 collector.go:114] connector "employees" javascriptSdk deleted obsolete file "C:\\Users\\Arab Line\\Desktop\\Pak-Det\\Current\\CashFlow_System\\src\\dataconnect-generated\\budgets\\package.json"
 {"metadata":{"emulator":{"name":"dataconnect"},"message":"I0306 11:40:30.934011    5948 collector.go:114] connector \"employees\" javascriptSdk deleted obsolete file \"C:\\\\Users\\\\Arab Line\\\\Desktop\\\\Pak-Det\\\\Current\\\\CashFlow_System\\\\src\\\\dataconnect-generated\\\\budgets\\\\package.json\"\n"}}
[debug] [2026-03-06T06:40:30.935Z] I0306 11:40:30.935011    5948 collector.go:114] connector "employees" javascriptSdk deleted obsolete file "C:\\Users\\Arab Line\\Desktop\\Pak-Det\\Current\\CashFlow_System\\src\\dataconnect-generated\\budgets\\react\\README.md"
 {"metadata":{"emulator":{"name":"dataconnect"},"message":"I0306 11:40:30.935011    5948 collector.go:114] connector \"employees\" javascriptSdk deleted obsolete file \"C:\\\\Users\\\\Arab Line\\\\Desktop\\\\Pak-Det\\\\Current\\\\CashFlow_System\\\\src\\\\dataconnect-generated\\\\budgets\\\\react\\\\README.md\"\n"}}
[debug] [2026-03-06T06:40:30.935Z] I0306 11:40:30.935011    5948 collector.go:114] connector "employees" javascriptSdk deleted obsolete file "C:\\Users\\Arab Line\\Desktop\\Pak-Det\\Current\\CashFlow_System\\src\\dataconnect-generated\\budgets\\react\\esm\\index.esm.js"
 {"metadata":{"emulator":{"name":"dataconnect"},"message":"I0306 11:40:30.935011    5948 collector.go:114] connector \"employees\" javascriptSdk deleted obsolete file \"C:\\\\Users\\\\Arab Line\\\\Desktop\\\\Pak-Det\\\\Current\\\\CashFlow_System\\\\src\\\\dataconnect-generated\\\\budgets\\\\react\\\\esm\\\\index.esm.js\"\n"}}
[debug] [2026-03-06T06:40:30.936Z] I0306 11:40:30.936010    5948 collector.go:114] connector "employees" javascriptSdk deleted obsolete file "C:\\Users\\Arab Line\\Desktop\\Pak-Det\\Current\\CashFlow_System\\src\\dataconnect-generated\\budgets\\react\\esm\\package.json"
 {"metadata":{"emulator":{"name":"dataconnect"},"message":"I0306 11:40:30.936010    5948 collector.go:114] connector \"employees\" javascriptSdk deleted obsolete file \"C:\\\\Users\\\\Arab Line\\\\Desktop\\\\Pak-Det\\\\Current\\\\CashFlow_System\\\\src\\\\dataconnect-generated\\\\budgets\\\\react\\\\esm\\\\package.json\"\n"}}
[debug] [2026-03-06T06:40:30.936Z] I0306 11:40:30.936010    5948 collector.go:114] connector "employees" javascriptSdk deleted obsolete file "C:\\Users\\Arab Line\\Desktop\\Pak-Det\\Current\\CashFlow_System\\src\\dataconnect-generated\\budgets\\react\\index.cjs.js"
 {"metadata":{"emulator":{"name":"dataconnect"},"message":"I0306 11:40:30.936010    5948 collector.go:114] connector \"employees\" javascriptSdk deleted obsolete file \"C:\\\\Users\\\\Arab Line\\\\Desktop\\\\Pak-Det\\\\Current\\\\CashFlow_System\\\\src\\\\dataconnect-generated\\\\budgets\\\\react\\\\index.cjs.js\"\n"}}
[debug] [2026-03-06T06:40:30.937Z] I0306 11:40:30.936010    5948 collector.go:114] connector "employees" javascriptSdk deleted obsolete file "C:\\Users\\Arab Line\\Desktop\\Pak-Det\\Current\\CashFlow_System\\src\\dataconnect-generated\\budgets\\react\\index.d.ts"
 {"metadata":{"emulator":{"name":"dataconnect"},"message":"I0306 11:40:30.936010    5948 collector.go:114] connector \"employees\" javascriptSdk deleted obsolete file \"C:\\\\Users\\\\Arab Line\\\\Desktop\\\\Pak-Det\\\\Current\\\\CashFlow_System\\\\src\\\\dataconnect-generated\\\\budgets\\\\react\\\\index.d.ts\"\n"}}
[debug] [2026-03-06T06:40:30.937Z] I0306 11:40:30.937009    5948 collector.go:114] connector "employees" javascriptSdk deleted obsolete file "C:\\Users\\Arab Line\\Desktop\\Pak-Det\\Current\\CashFlow_System\\src\\dataconnect-generated\\budgets\\react\\package.json"
 {"metadata":{"emulator":{"name":"dataconnect"},"message":"I0306 11:40:30.937009    5948 collector.go:114] connector \"employees\" javascriptSdk deleted obsolete file \"C:\\\\Users\\\\Arab Line\\\\Desktop\\\\Pak-Det\\\\Current\\\\CashFlow_System\\\\src\\\\dataconnect-generated\\\\budgets\\\\react\\\\package.json\"\n"}}
[debug] [2026-03-06T06:40:30.938Z] I0306 11:40:30.937009    5948 collector.go:114] connector "employees" javascriptSdk deleted obsolete file "C:\\Users\\Arab Line\\Desktop\\Pak-Det\\Current\\CashFlow_System\\src\\dataconnect-generated\\inventory\\README.md"
I0306 11:40:30.938008    5948 collector.go:114] connector "employees" javascriptSdk deleted obsolete file "C:\\Users\\Arab Line\\Desktop\\Pak-Det\\Current\\CashFlow_System\\src\\dataconnect-generated\\inventory\\esm\\index.esm.js"
 {"metadata":{"emulator":{"name":"dataconnect"},"message":"I0306 11:40:30.937009    5948 collector.go:114] connector \"employees\" javascriptSdk deleted obsolete file \"C:\\\\Users\\\\Arab Line\\\\Desktop\\\\Pak-Det\\\\Current\\\\CashFlow_System\\\\src\\\\dataconnect-generated\\\\inventory\\\\README.md\"\nI0306 11:40:30.938008    5948 collector.go:114] connector \"employees\" javascriptSdk deleted obsolete file \"C:\\\\Users\\\\Arab Line\\\\Desktop\\\\Pak-Det\\\\Current\\\\CashFlow_System\\\\src\\\\dataconnect-generated\\\\inventory\\\\esm\\\\index.esm.js\"\n"}}
[debug] [2026-03-06T06:40:30.938Z] I0306 11:40:30.938008    5948 collector.go:114] connector "employees" javascriptSdk deleted obsolete file "C:\\Users\\Arab Line\\Desktop\\Pak-Det\\Current\\CashFlow_System\\src\\dataconnect-generated\\inventory\\esm\\package.json"
I0306 11:40:30.938008    5948 collector.go:114] connector "employees" javascriptSdk deleted obsolete file "C:\\Users\\Arab Line\\Desktop\\Pak-Det\\Current\\CashFlow_System\\src\\dataconnect-generated\\inventory\\index.cjs.js"
 {"metadata":{"emulator":{"name":"dataconnect"},"message":"I0306 11:40:30.938008    5948 collector.go:114] connector \"employees\" javascriptSdk deleted obsolete file \"C:\\\\Users\\\\Arab Line\\\\Desktop\\\\Pak-Det\\\\Current\\\\CashFlow_System\\\\src\\\\dataconnect-generated\\\\inventory\\\\esm\\\\package.json\"\nI0306 11:40:30.938008    5948 collector.go:114] connector \"employees\" javascriptSdk deleted obsolete file \"C:\\\\Users\\\\Arab Line\\\\Desktop\\\\Pak-Det\\\\Current\\\\CashFlow_System\\\\src\\\\dataconnect-generated\\\\inventory\\\\index.cjs.js\"\n"}}
[debug] [2026-03-06T06:40:30.939Z] I0306 11:40:30.938008    5948 collector.go:114] connector "employees" javascriptSdk deleted obsolete file "C:\\Users\\Arab Line\\Desktop\\Pak-Det\\Current\\CashFlow_System\\src\\dataconnect-generated\\inventory\\index.d.ts"
 {"metadata":{"emulator":{"name":"dataconnect"},"message":"I0306 11:40:30.938008    5948 collector.go:114] connector \"employees\" javascriptSdk deleted obsolete file \"C:\\\\Users\\\\Arab Line\\\\Desktop\\\\Pak-Det\\\\Current\\\\CashFlow_System\\\\src\\\\dataconnect-generated\\\\inventory\\\\index.d.ts\"\n"}}
[debug] [2026-03-06T06:40:30.939Z] I0306 11:40:30.939008    5948 collector.go:114] connector "employees" javascriptSdk deleted obsolete file "C:\\Users\\Arab Line\\Desktop\\Pak-Det\\Current\\CashFlow_System\\src\\dataconnect-generated\\inventory\\package.json"
 {"metadata":{"emulator":{"name":"dataconnect"},"message":"I0306 11:40:30.939008    5948 collector.go:114] connector \"employees\" javascriptSdk deleted obsolete file \"C:\\\\Users\\\\Arab Line\\\\Desktop\\\\Pak-Det\\\\Current\\\\CashFlow_System\\\\src\\\\dataconnect-generated\\\\inventory\\\\package.json\"\n"}}
[debug] [2026-03-06T06:40:30.939Z] I0306 11:40:30.939008    5948 collector.go:114] connector "employees" javascriptSdk deleted obsolete file "C:\\Users\\Arab Line\\Desktop\\Pak-Det\\Current\\CashFlow_System\\src\\dataconnect-generated\\inventory\\react\\README.md"
I0306 11:40:30.939008    5948 collector.go:114] connector "employees" javascriptSdk deleted obsolete file "C:\\Users\\Arab Line\\Desktop\\Pak-Det\\Current\\CashFlow_System\\src\\dataconnect-generated\\inventory\\react\\esm\\index.esm.js"
 {"metadata":{"emulator":{"name":"dataconnect"},"message":"I0306 11:40:30.939008    5948 collector.go:114] connector \"employees\" javascriptSdk deleted obsolete file \"C:\\\\Users\\\\Arab Line\\\\Desktop\\\\Pak-Det\\\\Current\\\\CashFlow_System\\\\src\\\\dataconnect-generated\\\\inventory\\\\react\\\\README.md\"\nI0306 11:40:30.939008    5948 collector.go:114] connector \"employees\" javascriptSdk deleted obsolete file \"C:\\\\Users\\\\Arab Line\\\\Desktop\\\\Pak-Det\\\\Current\\\\CashFlow_System\\\\src\\\\dataconnect-generated\\\\inventory\\\\react\\\\esm\\\\index.esm.js\"\n"}}
[debug] [2026-03-06T06:40:30.940Z] I0306 11:40:30.940007    5948 collector.go:114] connector "employees" javascriptSdk deleted obsolete file "C:\\Users\\Arab Line\\Desktop\\Pak-Det\\Current\\CashFlow_System\\src\\dataconnect-generated\\inventory\\react\\esm\\package.json"
 {"metadata":{"emulator":{"name":"dataconnect"},"message":"I0306 11:40:30.940007    5948 collector.go:114] connector \"employees\" javascriptSdk deleted obsolete file \"C:\\\\Users\\\\Arab Line\\\\Desktop\\\\Pak-Det\\\\Current\\\\CashFlow_System\\\\src\\\\dataconnect-generated\\\\inventory\\\\react\\\\esm\\\\package.json\"\n"}}
[debug] [2026-03-06T06:40:30.940Z] I0306 11:40:30.940007    5948 collector.go:114] connector "employees" javascriptSdk deleted obsolete file "C:\\Users\\Arab Line\\Desktop\\Pak-Det\\Current\\CashFlow_System\\src\\dataconnect-generated\\inventory\\react\\index.cjs.js"
 {"metadata":{"emulator":{"name":"dataconnect"},"message":"I0306 11:40:30.940007    5948 collector.go:114] connector \"employees\" javascriptSdk deleted obsolete file \"C:\\\\Users\\\\Arab Line\\\\Desktop\\\\Pak-Det\\\\Current\\\\CashFlow_System\\\\src\\\\dataconnect-generated\\\\inventory\\\\react\\\\index.cjs.js\"\n"}}
[debug] [2026-03-06T06:40:30.941Z] I0306 11:40:30.941007    5948 collector.go:114] connector "employees" javascriptSdk deleted obsolete file "C:\\Users\\Arab Line\\Desktop\\Pak-Det\\Current\\CashFlow_System\\src\\dataconnect-generated\\inventory\\react\\index.d.ts"
 {"metadata":{"emulator":{"name":"dataconnect"},"message":"I0306 11:40:30.941007    5948 collector.go:114] connector \"employees\" javascriptSdk deleted obsolete file \"C:\\\\Users\\\\Arab Line\\\\Desktop\\\\Pak-Det\\\\Current\\\\CashFlow_System\\\\src\\\\dataconnect-generated\\\\inventory\\\\react\\\\index.d.ts\"\n"}}
[debug] [2026-03-06T06:40:30.941Z] I0306 11:40:30.941007    5948 collector.go:114] connector "employees" javascriptSdk deleted obsolete file "C:\\Users\\Arab Line\\Desktop\\Pak-Det\\Current\\CashFlow_System\\src\\dataconnect-generated\\inventory\\react\\package.json"
 {"metadata":{"emulator":{"name":"dataconnect"},"message":"I0306 11:40:30.941007    5948 collector.go:114] connector \"employees\" javascriptSdk deleted obsolete file \"C:\\\\Users\\\\Arab Line\\\\Desktop\\\\Pak-Det\\\\Current\\\\CashFlow_System\\\\src\\\\dataconnect-generated\\\\inventory\\\\react\\\\package.json\"\n"}}
[debug] [2026-03-06T06:40:30.942Z] I0306 11:40:30.941007    5948 collector.go:114] connector "employees" javascriptSdk deleted obsolete file "C:\\Users\\Arab Line\\Desktop\\Pak-Det\\Current\\CashFlow_System\\src\\dataconnect-generated\\loans\\README.md"
 {"metadata":{"emulator":{"name":"dataconnect"},"message":"I0306 11:40:30.941007    5948 collector.go:114] connector \"employees\" javascriptSdk deleted obsolete file \"C:\\\\Users\\\\Arab Line\\\\Desktop\\\\Pak-Det\\\\Current\\\\CashFlow_System\\\\src\\\\dataconnect-generated\\\\loans\\\\README.md\"\n"}}
[debug] [2026-03-06T06:40:30.942Z] I0306 11:40:30.942006    5948 collector.go:114] connector "employees" javascriptSdk deleted obsolete file "C:\\Users\\Arab Line\\Desktop\\Pak-Det\\Current\\CashFlow_System\\src\\dataconnect-generated\\loans\\esm\\index.esm.js"
 {"metadata":{"emulator":{"name":"dataconnect"},"message":"I0306 11:40:30.942006    5948 collector.go:114] connector \"employees\" javascriptSdk deleted obsolete file \"C:\\\\Users\\\\Arab Line\\\\Desktop\\\\Pak-Det\\\\Current\\\\CashFlow_System\\\\src\\\\dataconnect-generated\\\\loans\\\\esm\\\\index.esm.js\"\n"}}
[debug] [2026-03-06T06:40:30.942Z] I0306 11:40:30.942006    5948 collector.go:114] connector "employees" javascriptSdk deleted obsolete file "C:\\Users\\Arab Line\\Desktop\\Pak-Det\\Current\\CashFlow_System\\src\\dataconnect-generated\\loans\\esm\\package.json"
 {"metadata":{"emulator":{"name":"dataconnect"},"message":"I0306 11:40:30.942006    5948 collector.go:114] connector \"employees\" javascriptSdk deleted obsolete file \"C:\\\\Users\\\\Arab Line\\\\Desktop\\\\Pak-Det\\\\Current\\\\CashFlow_System\\\\src\\\\dataconnect-generated\\\\loans\\\\esm\\\\package.json\"\n"}}
[debug] [2026-03-06T06:40:30.956Z] I0306 11:40:30.955687    5948 collector.go:114] connector "employees" javascriptSdk deleted obsolete file "C:\\Users\\Arab Line\\Desktop\\Pak-Det\\Current\\CashFlow_System\\src\\dataconnect-generated\\loans\\index.cjs.js"
 {"metadata":{"emulator":{"name":"dataconnect"},"message":"I0306 11:40:30.955687    5948 collector.go:114] connector \"employees\" javascriptSdk deleted obsolete file \"C:\\\\Users\\\\Arab Line\\\\Desktop\\\\Pak-Det\\\\Current\\\\CashFlow_System\\\\src\\\\dataconnect-generated\\\\loans\\\\index.cjs.js\"\n"}}
[debug] [2026-03-06T06:40:30.957Z] I0306 11:40:30.956686    5948 collector.go:114] connector "employees" javascriptSdk deleted obsolete file "C:\\Users\\Arab Line\\Desktop\\Pak-Det\\Current\\CashFlow_System\\src\\dataconnect-generated\\loans\\index.d.ts"
 {"metadata":{"emulator":{"name":"dataconnect"},"message":"I0306 11:40:30.956686    5948 collector.go:114] connector \"employees\" javascriptSdk deleted obsolete file \"C:\\\\Users\\\\Arab Line\\\\Desktop\\\\Pak-Det\\\\Current\\\\CashFlow_System\\\\src\\\\dataconnect-generated\\\\loans\\\\index.d.ts\"\n"}}
[debug] [2026-03-06T06:40:30.964Z] I0306 11:40:30.964681    5948 collector.go:114] connector "employees" javascriptSdk deleted obsolete file "C:\\Users\\Arab Line\\Desktop\\Pak-Det\\Current\\CashFlow_System\\src\\dataconnect-generated\\loans\\package.json"
 {"metadata":{"emulator":{"name":"dataconnect"},"message":"I0306 11:40:30.964681    5948 collector.go:114] connector \"employees\" javascriptSdk deleted obsolete file \"C:\\\\Users\\\\Arab Line\\\\Desktop\\\\Pak-Det\\\\Current\\\\CashFlow_System\\\\src\\\\dataconnect-generated\\\\loans\\\\package.json\"\n"}}
[debug] [2026-03-06T06:40:30.968Z] I0306 11:40:30.967471    5948 collector.go:114] connector "employees" javascriptSdk deleted obsolete file "C:\\Users\\Arab Line\\Desktop\\Pak-Det\\Current\\CashFlow_System\\src\\dataconnect-generated\\loans\\react\\README.md"
 {"metadata":{"emulator":{"name":"dataconnect"},"message":"I0306 11:40:30.967471    5948 collector.go:114] connector \"employees\" javascriptSdk deleted obsolete file \"C:\\\\Users\\\\Arab Line\\\\Desktop\\\\Pak-Det\\\\Current\\\\CashFlow_System\\\\src\\\\dataconnect-generated\\\\loans\\\\react\\\\README.md\"\n"}}
[debug] [2026-03-06T06:40:30.969Z] I0306 11:40:30.969475    5948 collector.go:114] connector "employees" javascriptSdk deleted obsolete file "C:\\Users\\Arab Line\\Desktop\\Pak-Det\\Current\\CashFlow_System\\src\\dataconnect-generated\\loans\\react\\esm\\index.esm.js"
 {"metadata":{"emulator":{"name":"dataconnect"},"message":"I0306 11:40:30.969475    5948 collector.go:114] connector \"employees\" javascriptSdk deleted obsolete file \"C:\\\\Users\\\\Arab Line\\\\Desktop\\\\Pak-Det\\\\Current\\\\CashFlow_System\\\\src\\\\dataconnect-generated\\\\loans\\\\react\\\\esm\\\\index.esm.js\"\n"}}
[debug] [2026-03-06T06:40:30.971Z] I0306 11:40:30.971448    5948 collector.go:114] connector "employees" javascriptSdk deleted obsolete file "C:\\Users\\Arab Line\\Desktop\\Pak-Det\\Current\\CashFlow_System\\src\\dataconnect-generated\\loans\\react\\esm\\package.json"
 {"metadata":{"emulator":{"name":"dataconnect"},"message":"I0306 11:40:30.971448    5948 collector.go:114] connector \"employees\" javascriptSdk deleted obsolete file \"C:\\\\Users\\\\Arab Line\\\\Desktop\\\\Pak-Det\\\\Current\\\\CashFlow_System\\\\src\\\\dataconnect-generated\\\\loans\\\\react\\\\esm\\\\package.json\"\n"}}
[debug] [2026-03-06T06:40:30.972Z] I0306 11:40:30.972452    5948 collector.go:114] connector "employees" javascriptSdk deleted obsolete file "C:\\Users\\Arab Line\\Desktop\\Pak-Det\\Current\\CashFlow_System\\src\\dataconnect-generated\\loans\\react\\index.cjs.js"
 {"metadata":{"emulator":{"name":"dataconnect"},"message":"I0306 11:40:30.972452    5948 collector.go:114] connector \"employees\" javascriptSdk deleted obsolete file \"C:\\\\Users\\\\Arab Line\\\\Desktop\\\\Pak-Det\\\\Current\\\\CashFlow_System\\\\src\\\\dataconnect-generated\\\\loans\\\\react\\\\index.cjs.js\"\n"}}
[debug] [2026-03-06T06:40:30.973Z] I0306 11:40:30.972452    5948 collector.go:114] connector "employees" javascriptSdk deleted obsolete file "C:\\Users\\Arab Line\\Desktop\\Pak-Det\\Current\\CashFlow_System\\src\\dataconnect-generated\\loans\\react\\index.d.ts"
 {"metadata":{"emulator":{"name":"dataconnect"},"message":"I0306 11:40:30.972452    5948 collector.go:114] connector \"employees\" javascriptSdk deleted obsolete file \"C:\\\\Users\\\\Arab Line\\\\Desktop\\\\Pak-Det\\\\Current\\\\CashFlow_System\\\\src\\\\dataconnect-generated\\\\loans\\\\react\\\\index.d.ts\"\n"}}
[debug] [2026-03-06T06:40:30.973Z] I0306 11:40:30.972452    5948 collector.go:114] connector "employees" javascriptSdk deleted obsolete file "C:\\Users\\Arab Line\\Desktop\\Pak-Det\\Current\\CashFlow_System\\src\\dataconnect-generated\\loans\\react\\package.json"
 {"metadata":{"emulator":{"name":"dataconnect"},"message":"I0306 11:40:30.972452    5948 collector.go:114] connector \"employees\" javascriptSdk deleted obsolete file \"C:\\\\Users\\\\Arab Line\\\\Desktop\\\\Pak-Det\\\\Current\\\\CashFlow_System\\\\src\\\\dataconnect-generated\\\\loans\\\\react\\\\package.json\"\n"}}
[debug] [2026-03-06T06:40:30.975Z] I0306 11:40:30.974452    5948 installsdk.go:55] Package @erp-system/dataconnect is already installed. Skipping installation
 {"metadata":{"emulator":{"name":"dataconnect"},"message":"I0306 11:40:30.974452    5948 installsdk.go:55] Package @erp-system/dataconnect is already installed. Skipping installation\n"}}
[debug] [2026-03-06T06:40:31.036Z] I0306 11:40:31.035843    5948 collector.go:107] connector "banking" javascriptSdk wrote into "C:\\Users\\Arab Line\\Desktop\\Pak-Det\\Current\\CashFlow_System\\src\\dataconnect-generated\\banking"
Generated sources: index.d.ts [14410B] esm\package.json [17B] .guides/usage.md [4142B] react\index.d.ts [6869B] react\index.cjs.js [5586B] react\esm\index.esm.js [5294B] react\README.md [74850B] .guides/config.json [236B] esm\index.esm.js [5953B] index.cjs.js [6789B] README.md [68505B] package.json [860B] react\package.json [457B] react\esm\package.json [17B] .guides/setup.md [1679B] 
 {"metadata":{"emulator":{"name":"dataconnect"},"message":"I0306 11:40:31.035843    5948 collector.go:107] connector \"banking\" javascriptSdk wrote into \"C:\\\\Users\\\\Arab Line\\\\Desktop\\\\Pak-Det\\\\Current\\\\CashFlow_System\\\\src\\\\dataconnect-generated\\\\banking\"\nGenerated sources: index.d.ts [14410B] esm\\package.json [17B] .guides/usage.md [4142B] react\\index.d.ts [6869B] react\\index.cjs.js [5586B] react\\esm\\index.esm.js [5294B] react\\README.md [74850B] .guides/config.json [236B] esm\\index.esm.js [5953B] index.cjs.js [6789B] README.md [68505B] package.json [860B] react\\package.json [457B] react\\esm\\package.json [17B] .guides/setup.md [1679B] \n"}}
[debug] [2026-03-06T06:40:31.038Z] I0306 11:40:31.037842    5948 installsdk.go:55] Package @erp-system/banking is already installed. Skipping installation
 {"metadata":{"emulator":{"name":"dataconnect"},"message":"I0306 11:40:31.037842    5948 installsdk.go:55] Package @erp-system/banking is already installed. Skipping installation\n"}}
[debug] [2026-03-06T06:40:31.117Z] I0306 11:40:31.116932    5948 collector.go:107] connector "loans" javascriptSdk wrote into "C:\\Users\\Arab Line\\Desktop\\Pak-Det\\Current\\CashFlow_System\\src\\dataconnect-generated\\loans"
Generated sources: index.d.ts [8034B] README.md [34386B] react\index.cjs.js [2587B] .guides/usage.md [3062B] esm\index.esm.js [2675B] esm\package.json [17B] index.cjs.js [3060B] react\package.json [453B] react\esm\package.json [17B] react\README.md [39450B] package.json [856B] react\index.d.ts [3131B] .guides/setup.md [1677B] .guides/config.json [236B] react\esm\index.esm.js [2456B] 
 {"metadata":{"emulator":{"name":"dataconnect"},"message":"I0306 11:40:31.116932    5948 collector.go:107] connector \"loans\" javascriptSdk wrote into \"C:\\\\Users\\\\Arab Line\\\\Desktop\\\\Pak-Det\\\\Current\\\\CashFlow_System\\\\src\\\\dataconnect-generated\\\\loans\"\nGenerated sources: index.d.ts [8034B] README.md [34386B] react\\index.cjs.js [2587B] .guides/usage.md [3062B] esm\\index.esm.js [2675B] esm\\package.json [17B] index.cjs.js [3060B] react\\package.json [453B] react\\esm\\package.json [17B] react\\README.md [39450B] package.json [856B] react\\index.d.ts [3131B] .guides/setup.md [1677B] .guides/config.json [236B] react\\esm\\index.esm.js [2456B] \n"}}
[debug] [2026-03-06T06:40:31.123Z] I0306 11:40:31.121935    5948 installsdk.go:55] Package @erp-system/loans is already installed. Skipping installation
 {"metadata":{"emulator":{"name":"dataconnect"},"message":"I0306 11:40:31.121935    5948 installsdk.go:55] Package @erp-system/loans is already installed. Skipping installation\n"}}
[debug] [2026-03-06T06:40:31.165Z] I0306 11:40:31.165166    5948 collector.go:107] connector "budgets" javascriptSdk wrote into "C:\\Users\\Arab Line\\Desktop\\Pak-Det\\Current\\CashFlow_System\\src\\dataconnect-generated\\budgets"
Generated sources: index.d.ts [6722B] react\index.d.ts [3141B] react\package.json [457B] README.md [31976B] react\index.cjs.js [2520B] esm\index.esm.js [2671B] .guides/setup.md [1679B] .guides/config.json [236B] .guides/usage.md [3034B] esm\package.json [17B] index.cjs.js [3044B] package.json [860B] react\esm\package.json [17B] react\esm\index.esm.js [2393B] react\README.md [38502B] 
 {"metadata":{"emulator":{"name":"dataconnect"},"message":"I0306 11:40:31.165166    5948 collector.go:107] connector \"budgets\" javascriptSdk wrote into \"C:\\\\Users\\\\Arab Line\\\\Desktop\\\\Pak-Det\\\\Current\\\\CashFlow_System\\\\src\\\\dataconnect-generated\\\\budgets\"\nGenerated sources: index.d.ts [6722B] react\\index.d.ts [3141B] react\\package.json [457B] README.md [31976B] react\\index.cjs.js [2520B] esm\\index.esm.js [2671B] .guides/setup.md [1679B] .guides/config.json [236B] .guides/usage.md [3034B] esm\\package.json [17B] index.cjs.js [3044B] package.json [860B] react\\esm\\package.json [17B] react\\esm\\index.esm.js [2393B] react\\README.md [38502B] \n"}}
[debug] [2026-03-06T06:40:31.167Z] I0306 11:40:31.166165    5948 installsdk.go:55] Package @erp-system/budgets is already installed. Skipping installation
 {"metadata":{"emulator":{"name":"dataconnect"},"message":"I0306 11:40:31.166165    5948 installsdk.go:55] Package @erp-system/budgets is already installed. Skipping installation\n"}}
[debug] [2026-03-06T06:40:31.222Z] I0306 11:40:31.221669    5948 collector.go:107] connector "inventory" javascriptSdk wrote into "C:\\Users\\Arab Line\\Desktop\\Pak-Det\\Current\\CashFlow_System\\src\\dataconnect-generated\\inventory"
Generated sources: react\package.json [461B] react\README.md [114542B] .guides/usage.md [4250B] .guides/setup.md [1681B] index.d.ts [26447B] index.cjs.js [9719B] README.md [113070B] react\esm\package.json [17B] esm\package.json [17B] react\index.cjs.js [7909B] react\esm\index.esm.js [7481B] esm\index.esm.js [8499B] package.json [864B] react\index.d.ts [9841B] .guides/config.json [236B] 
 {"metadata":{"emulator":{"name":"dataconnect"},"message":"I0306 11:40:31.221669    5948 collector.go:107] connector \"inventory\" javascriptSdk wrote into \"C:\\\\Users\\\\Arab Line\\\\Desktop\\\\Pak-Det\\\\Current\\\\CashFlow_System\\\\src\\\\dataconnect-generated\\\\inventory\"\nGenerated sources: react\\package.json [461B] react\\README.md [114542B] .guides/usage.md [4250B] .guides/setup.md [1681B] index.d.ts [26447B] index.cjs.js [9719B] README.md [113070B] react\\esm\\package.json [17B] esm\\package.json [17B] react\\index.cjs.js [7909B] react\\esm\\index.esm.js [7481B] esm\\index.esm.js [8499B] package.json [864B] react\\index.d.ts [9841B] .guides/config.json [236B] \n"}}
[debug] [2026-03-06T06:40:31.225Z] I0306 11:40:31.225666    5948 installsdk.go:55] Package @erp-system/inventory is already installed. Skipping installation
 {"metadata":{"emulator":{"name":"dataconnect"},"message":"I0306 11:40:31.225666    5948 installsdk.go:55] Package @erp-system/inventory is already installed. Skipping installation\n"}}
[debug] [2026-03-06T06:40:31.226Z] I0306 11:40:31.225666    5948 load.go:109] Finished reloading
 {"metadata":{"emulator":{"name":"dataconnect"},"message":"I0306 11:40:31.225666    5948 load.go:109] Finished reloading\n"}}
[debug] [2026-03-06T06:40:31.659Z] I0306 11:40:31.649743    5948 dev.go:104] Listening on address (HTTP + gRPC): 127.0.0.1:9399
 {"metadata":{"emulator":{"name":"dataconnect"},"message":"I0306 11:40:31.649743    5948 dev.go:104] Listening on address (HTTP + gRPC): 127.0.0.1:9399\n"}}
[debug] [2026-03-06T06:40:31.673Z] I0306 11:40:31.673464    5948 dev.go:104] Listening on address (HTTP + gRPC): [::1]:9399
 {"metadata":{"emulator":{"name":"dataconnect"},"message":"I0306 11:40:31.673464    5948 dev.go:104] Listening on address (HTTP + gRPC): [::1]:9399\n"}}
[debug] [2026-03-06T06:40:32.690Z] [Data Connect] Connecting to postgres://127.0.0.1:5432/erp-system-database?sslmode=disable}...
[debug] [2026-03-06T06:40:32.691Z] >>> [apiv2][query] POST http://127.0.0.1:9399/emulator/configure [none]
[debug] [2026-03-06T06:40:32.691Z] >>> [apiv2][body] POST http://127.0.0.1:9399/emulator/configure {"connectionString":"postgres://127.0.0.1:5432/erp-system-database?sslmode=disable","database":"erp-system-database","serviceId":"erp-system-service"}
[debug] [2026-03-06T06:40:36.483Z] I0306 11:40:36.482719    5948 control.go:100] [projects/emulator/locations/emulator/services/erp-system-service f419] UpdateResources(): done
Main schema: sources: schema\schema.gql [5263B] 
Connector "banking": sources: banking\bank_mutations.gql [969B] banking\bank_queries.gql [434B] banking\cash_mutations.gql [641B] banking\cash_queries.gql [555B] banking\transfer_mutations.gql [662B] banking\transfer_queries.gql [571B] 
Connector "budgets": sources: budgets\budget_queries.gql [517B] budgets\budget_mutations.gql [1235B] 
Connector "employees": sources: example\employees_mutations.gql [1954B] example\employees.gql [595B] 
Connector "inventory": sources: inventory\brand_mutations.gql [761B] inventory\brand_queries.gql [457B] inventory\inventory_mutations.gql [7833B] inventory\inventory_queries.gql [2859B] inventory\model_mutations.gql [1059B] inventory\model_queries.gql [543B] 
Connector "loans": sources: loans\loan_mutations.gql [1195B] loans\loan_queries.gql [1265B] loans\schema.gql [0B] 
 {"metadata":{"emulator":{"name":"dataconnect"},"message":"I0306 11:40:36.482719    5948 control.go:100] [projects/emulator/locations/emulator/services/erp-system-service f419] UpdateResources(): done\nMain schema: sources: schema\\schema.gql [5263B] \nConnector \"banking\": sources: banking\\bank_mutations.gql [969B] banking\\bank_queries.gql [434B] banking\\cash_mutations.gql [641B] banking\\cash_queries.gql [555B] banking\\transfer_mutations.gql [662B] banking\\transfer_queries.gql [571B] \nConnector \"budgets\": sources: budgets\\budget_queries.gql [517B] budgets\\budget_mutations.gql [1235B] \nConnector \"employees\": sources: example\\employees_mutations.gql [1954B] example\\employees.gql [595B] \nConnector \"inventory\": sources: inventory\\brand_mutations.gql [761B] inventory\\brand_queries.gql [457B] inventory\\inventory_mutations.gql [7833B] inventory\\inventory_queries.gql [2859B] inventory\\model_mutations.gql [1059B] inventory\\model_queries.gql [543B] \nConnector \"loans\": sources: loans\\loan_mutations.gql [1195B] loans\\loan_queries.gql [1265B] loans\\schema.gql [0B] \n"}}
[debug] [2026-03-06T06:40:36.565Z] <<< [apiv2][status] POST http://127.0.0.1:9399/emulator/configure 200
[debug] [2026-03-06T06:40:36.565Z] <<< [apiv2][body] POST http://127.0.0.1:9399/emulator/configure {}
[debug] [2026-03-06T06:40:36.565Z] [Data Connect] Successfully connected to postgres://127.0.0.1:5432/erp-system-database?sslmode=disable}
[warn] !  emulators: The Emulator UI is not starting because none of the running emulators have a UI component. {"metadata":{"emulator":{"name":"hub"},"message":"The Emulator UI is not starting because none of the running emulators have a UI component."}}
[debug] [2026-03-06T06:40:36.576Z] >>> [apiv2][query] GET http://127.0.0.1:9399/emulator/info [none]
[debug] [2026-03-06T06:40:36.592Z] <<< [apiv2][status] GET http://127.0.0.1:9399/emulator/info 200
[debug] [2026-03-06T06:40:36.592Z] <<< [apiv2][body] GET http://127.0.0.1:9399/emulator/info {"version":"","services":[{"serviceId":"erp-system-service","connectionString":"dbname='erp-system-database' host='127.0.0.1' port='5432' sslmode='disable' dbname='erp-system-database'"}]}
[info] 
┌─────────────────────────────────────────────────────────────┐
│ ✔  All emulators ready! It is now safe to connect your app. │
└─────────────────────────────────────────────────────────────┘

┌──────────────┬────────────────┐
│ Emulator     │ Host:Port      │
├──────────────┼────────────────┤
│ Data Connect │ 127.0.0.1:9399 │
└──────────────┴────────────────┘
  Emulator Hub host: 127.0.0.1 port: 4400
  Other reserved ports: 4500

Issues? Report them at https://github.com/firebase/firebase-tools/issues and attach the *-debug.log files.
 
[debug] [2026-03-06T06:40:49.729Z] I0306 11:40:49.726950    5948 execute.go:57] Database ping is quick (likely cached), took 3.0378ms
 {"metadata":{"emulator":{"name":"dataconnect"},"message":"I0306 11:40:49.726950    5948 execute.go:57] Database ping is quick (likely cached), took 3.0378ms\n"}}
[debug] [2026-03-06T06:40:49.747Z] I0306 11:40:49.747315    5948 engine.go:208] [projects/emulator/locations/emulator/services/erp-system-service f419] ExecuteQuery listTransfers: succeeded. Connector: banking
 {"metadata":{"emulator":{"name":"dataconnect"},"message":"I0306 11:40:49.747315    5948 engine.go:208] [projects/emulator/locations/emulator/services/erp-system-service f419] ExecuteQuery listTransfers: succeeded. Connector: banking\n"}}
[debug] [2026-03-06T06:41:11.360Z] I0306 11:41:11.359912    5948 execute.go:57] Database ping is quick (likely cached), took 1.5603ms
 {"metadata":{"emulator":{"name":"dataconnect"},"message":"I0306 11:41:11.359912    5948 execute.go:57] Database ping is quick (likely cached), took 1.5603ms\n"}}
[debug] [2026-03-06T06:41:11.378Z] I0306 11:41:11.377924    5948 engine.go:208] [projects/emulator/locations/emulator/services/erp-system-service f419] ExecuteQuery ListProducts: succeeded. Connector: inventory
 {"metadata":{"emulator":{"name":"dataconnect"},"message":"I0306 11:41:11.377924    5948 engine.go:208] [projects/emulator/locations/emulator/services/erp-system-service f419] ExecuteQuery ListProducts: succeeded. Connector: inventory\n"}}
